<?xml version="1.0" encoding="UTF-8"?>
<coverage generated="1547740912720" clover="3.2.0">
  <project timestamp="1547740912721" name="All files">
    <metrics statements="55" coveredstatements="55" conditionals="10" coveredconditionals="10" methods="10" coveredmethods="10" elements="75" coveredelements="75" complexity="0" loc="55" ncloc="55" packages="7" files="9" classes="9">
      <package name="data">
        <metrics statements="10" coveredstatements="10" conditionals="0" coveredconditionals="0" methods="0" coveredmethods="0"/>
        <file name="books.js" path="C:\Users\Admin\Documents\Decagon Institute\checkPoint1\BookLibrary\data\books.js">
          <metrics statements="2" coveredstatements="2" conditionals="0" coveredconditionals="0" methods="0" coveredmethods="0"/>
          <line num="1" count="1" type="stmt"/>
          <line num="20" count="1" type="stmt"/>
        </file>
        <file name="libraryUsers.js" path="C:\Users\Admin\Documents\Decagon Institute\checkPoint1\BookLibrary\data\libraryUsers.js">
          <metrics statements="6" coveredstatements="6" conditionals="0" coveredconditionals="0" methods="0" coveredmethods="0"/>
          <line num="1" count="1" type="stmt"/>
          <line num="2" count="1" type="stmt"/>
          <line num="3" count="1" type="stmt"/>
          <line num="4" count="1" type="stmt"/>
          <line num="6" count="1" type="stmt"/>
          <line num="15" count="1" type="stmt"/>
        </file>
        <file name="queue.js" path="C:\Users\Admin\Documents\Decagon Institute\checkPoint1\BookLibrary\data\queue.js">
          <metrics statements="2" coveredstatements="2" conditionals="0" coveredconditionals="0" methods="0" coveredmethods="0"/>
          <line num="1" count="6" type="stmt"/>
          <line num="7" count="6" type="stmt"/>
        </file>
      </package>
      <package name="liberian">
        <metrics statements="16" coveredstatements="16" conditionals="10" coveredconditionals="10" methods="3" coveredmethods="3"/>
        <file name="Liberian.js" path="C:\Users\Admin\Documents\Decagon Institute\checkPoint1\BookLibrary\liberian\Liberian.js">
          <metrics statements="16" coveredstatements="16" conditionals="10" coveredconditionals="10" methods="3" coveredmethods="3"/>
          <line num="1" count="1" type="stmt"/>
          <line num="2" count="1" type="stmt"/>
          <line num="7" count="1" type="stmt"/>
          <line num="10" count="4" type="cond" truecount="2" falsecount="0"/>
          <line num="11" count="3" type="cond" truecount="4" falsecount="0"/>
          <line num="12" count="1" type="stmt"/>
          <line num="13" count="1" type="stmt"/>
          <line num="15" count="2" type="stmt"/>
          <line num="18" count="1" type="stmt"/>
          <line num="23" count="9" type="cond" truecount="2" falsecount="0"/>
          <line num="24" count="8" type="cond" truecount="2" falsecount="0"/>
          <line num="25" count="1" type="stmt"/>
          <line num="26" count="1" type="stmt"/>
          <line num="28" count="7" type="stmt"/>
          <line num="31" count="1" type="stmt"/>
          <line num="41" count="1" type="stmt"/>
        </file>
      </package>
      <package name="users">
        <metrics statements="6" coveredstatements="6" conditionals="0" coveredconditionals="0" methods="3" coveredmethods="3"/>
        <file name="person.js" path="C:\Users\Admin\Documents\Decagon Institute\checkPoint1\BookLibrary\users\person.js">
          <metrics statements="6" coveredstatements="6" conditionals="0" coveredconditionals="0" methods="3" coveredmethods="3"/>
          <line num="1" count="6" type="stmt"/>
          <line num="5" count="11" type="stmt"/>
          <line num="6" count="11" type="stmt"/>
          <line num="10" count="15" type="stmt"/>
          <line num="15" count="5" type="stmt"/>
          <line num="22" count="6" type="stmt"/>
        </file>
      </package>
      <package name="users.students">
        <metrics statements="5" coveredstatements="5" conditionals="0" coveredconditionals="0" methods="1" coveredmethods="1"/>
        <file name="students.js" path="C:\Users\Admin\Documents\Decagon Institute\checkPoint1\BookLibrary\users\students\students.js">
          <metrics statements="5" coveredstatements="5" conditionals="0" coveredconditionals="0" methods="1" coveredmethods="1"/>
          <line num="1" count="4" type="stmt"/>
          <line num="2" count="4" type="stmt"/>
          <line num="6" count="7" type="stmt"/>
          <line num="7" count="7" type="stmt"/>
          <line num="14" count="4" type="stmt"/>
        </file>
      </package>
      <package name="users.students.juniorStudent">
        <metrics statements="6" coveredstatements="6" conditionals="0" coveredconditionals="0" methods="1" coveredmethods="1"/>
        <file name="juniorStudent.js" path="C:\Users\Admin\Documents\Decagon Institute\checkPoint1\BookLibrary\users\students\juniorStudent\juniorStudent.js">
          <metrics statements="6" coveredstatements="6" conditionals="0" coveredconditionals="0" methods="1" coveredmethods="1"/>
          <line num="1" count="2" type="stmt"/>
          <line num="2" count="2" type="stmt"/>
          <line num="6" count="3" type="stmt"/>
          <line num="7" count="3" type="stmt"/>
          <line num="8" count="3" type="stmt"/>
          <line num="14" count="2" type="stmt"/>
        </file>
      </package>
      <package name="users.students.seniorStudent">
        <metrics statements="6" coveredstatements="6" conditionals="0" coveredconditionals="0" methods="1" coveredmethods="1"/>
        <file name="seniorStudent.js" path="C:\Users\Admin\Documents\Decagon Institute\checkPoint1\BookLibrary\users\students\seniorStudent\seniorStudent.js">
          <metrics statements="6" coveredstatements="6" conditionals="0" coveredconditionals="0" methods="1" coveredmethods="1"/>
          <line num="1" count="2" type="stmt"/>
          <line num="2" count="2" type="stmt"/>
          <line num="6" count="3" type="stmt"/>
          <line num="7" count="3" type="stmt"/>
          <line num="8" count="3" type="stmt"/>
          <line num="14" count="2" type="stmt"/>
        </file>
      </package>
      <package name="users.teachers">
        <metrics statements="6" coveredstatements="6" conditionals="0" coveredconditionals="0" methods="1" coveredmethods="1"/>
        <file name="teacher.js" path="C:\Users\Admin\Documents\Decagon Institute\checkPoint1\BookLibrary\users\teachers\teacher.js">
          <metrics statements="6" coveredstatements="6" conditionals="0" coveredconditionals="0" methods="1" coveredmethods="1"/>
          <line num="1" count="2" type="stmt"/>
          <line num="2" count="2" type="stmt"/>
          <line num="6" count="3" type="stmt"/>
          <line num="7" count="3" type="stmt"/>
          <line num="8" count="3" type="stmt"/>
          <line num="15" count="2" type="stmt"/>
        </file>
      </package>
    </metrics>
  </project>
</coverage>
