{"C:\\Users\\Admin\\Documents\\Decagon Institute\\checkPoint1\\BookLibrary\\data\\books.js": {"path":"C:\\Users\\Admin\\Documents\\Decagon Institute\\checkPoint1\\BookLibrary\\data\\books.js","statementMap":{"0":{"start":{"line":2,"column":14},"end":{"line":18,"column":1}},"1":{"start":{"line":21,"column":0},"end":{"line":21,"column":23}}},"fnMap":{},"branchMap":{},"s":{"0":2,"1":2},"f":{},"b":{},"_coverageSchema":"332fd63041d2c1bcb487cc26dd0d5f7d97098a6c","hash":"aa79cb9d06dc8f3086ba4ad5faa6fe495007c29d"}
,"C:\\Users\\Admin\\Documents\\Decagon Institute\\checkPoint1\\BookLibrary\\data\\libraryUsers.js": {"path":"C:\\Users\\Admin\\Documents\\Decagon Institute\\checkPoint1\\BookLibrary\\data\\libraryUsers.js","statementMap":{"0":{"start":{"line":1,"column":16},"end":{"line":1,"column":52}},"1":{"start":{"line":2,"column":22},"end":{"line":2,"column":78}},"2":{"start":{"line":3,"column":22},"end":{"line":3,"column":78}},"3":{"start":{"line":14,"column":21},"end":{"line":21,"column":1}},"4":{"start":{"line":24,"column":0},"end":{"line":24,"column":30}}},"fnMap":{},"branchMap":{},"s":{"0":2,"1":2,"2":2,"3":2,"4":2},"f":{},"b":{},"_coverageSchema":"332fd63041d2c1bcb487cc26dd0d5f7d97098a6c","hash":"f2e1f5df5affdf06ede11632ec50350a03ae0031"}
,"C:\\Users\\Admin\\Documents\\Decagon Institute\\checkPoint1\\BookLibrary\\data\\queue.js": {"path":"C:\\Users\\Admin\\Documents\\Decagon Institute\\checkPoint1\\BookLibrary\\data\\queue.js","statementMap":{"0":{"start":{"line":2,"column":14},"end":{"line":2,"column":16}},"1":{"start":{"line":8,"column":0},"end":{"line":8,"column":23}}},"fnMap":{},"branchMap":{},"s":{"0":7,"1":7},"f":{},"b":{},"_coverageSchema":"332fd63041d2c1bcb487cc26dd0d5f7d97098a6c","hash":"1997bbdbdf34fd8e68eea3490f5d6c426fdfb8e0"}
,"C:\\Users\\Admin\\Documents\\Decagon Institute\\checkPoint1\\BookLibrary\\data\\returnQueue.js": {"path":"C:\\Users\\Admin\\Documents\\Decagon Institute\\checkPoint1\\BookLibrary\\data\\returnQueue.js","statementMap":{"0":{"start":{"line":1,"column":20},"end":{"line":1,"column":22}},"1":{"start":{"line":3,"column":0},"end":{"line":3,"column":29}}},"fnMap":{},"branchMap":{},"s":{"0":7,"1":7},"f":{},"b":{},"_coverageSchema":"332fd63041d2c1bcb487cc26dd0d5f7d97098a6c","hash":"2d5914ac43077a3e4dce56a4c81e2823c50f3e9d"}
,"C:\\Users\\Admin\\Documents\\Decagon Institute\\checkPoint1\\BookLibrary\\liberian\\Liberian.js": {"path":"C:\\Users\\Admin\\Documents\\Decagon Institute\\checkPoint1\\BookLibrary\\liberian\\Liberian.js","statementMap":{"0":{"start":{"line":1,"column":13},"end":{"line":1,"column":37}},"1":{"start":{"line":2,"column":14},"end":{"line":2,"column":38}},"2":{"start":{"line":3,"column":21},"end":{"line":3,"column":52}},"3":{"start":{"line":4,"column":20},"end":{"line":4,"column":50}},"4":{"start":{"line":9,"column":8},"end":{"line":9,"column":25}},"5":{"start":{"line":13,"column":8},"end":{"line":23,"column":9}},"6":{"start":{"line":14,"column":12},"end":{"line":20,"column":13}},"7":{"start":{"line":16,"column":16},"end":{"line":16,"column":41}},"8":{"start":{"line":17,"column":16},"end":{"line":17,"column":59}},"9":{"start":{"line":19,"column":16},"end":{"line":19,"column":36}},"10":{"start":{"line":22,"column":12},"end":{"line":22,"column":41}},"11":{"start":{"line":28,"column":8},"end":{"line":37,"column":9}},"12":{"start":{"line":29,"column":12},"end":{"line":34,"column":13}},"13":{"start":{"line":30,"column":16},"end":{"line":30,"column":44}},"14":{"start":{"line":31,"column":16},"end":{"line":31,"column":62}},"15":{"start":{"line":33,"column":16},"end":{"line":33,"column":43}},"16":{"start":{"line":36,"column":12},"end":{"line":36,"column":41}},"17":{"start":{"line":44,"column":8},"end":{"line":46,"column":11}},"18":{"start":{"line":45,"column":12},"end":{"line":45,"column":49}},"19":{"start":{"line":49,"column":8},"end":{"line":55,"column":9}},"20":{"start":{"line":50,"column":12},"end":{"line":50,"column":59}},"21":{"start":{"line":59,"column":8},"end":{"line":61,"column":9}},"22":{"start":{"line":60,"column":12},"end":{"line":60,"column":72}},"23":{"start":{"line":70,"column":0},"end":{"line":70,"column":26}}},"fnMap":{"0":{"name":"(anonymous_0)","decl":{"start":{"line":8,"column":4},"end":{"line":8,"column":5}},"loc":{"start":{"line":8,"column":22},"end":{"line":10,"column":5}},"line":8},"1":{"name":"(anonymous_1)","decl":{"start":{"line":12,"column":4},"end":{"line":12,"column":5}},"loc":{"start":{"line":12,"column":32},"end":{"line":24,"column":5}},"line":12},"2":{"name":"(anonymous_2)","decl":{"start":{"line":26,"column":4},"end":{"line":26,"column":5}},"loc":{"start":{"line":26,"column":36},"end":{"line":39,"column":5}},"line":26},"3":{"name":"(anonymous_3)","decl":{"start":{"line":43,"column":4},"end":{"line":43,"column":5}},"loc":{"start":{"line":43,"column":27},"end":{"line":56,"column":5}},"line":43},"4":{"name":"(anonymous_4)","decl":{"start":{"line":44,"column":19},"end":{"line":44,"column":20}},"loc":{"start":{"line":44,"column":35},"end":{"line":46,"column":9}},"line":44},"5":{"name":"(anonymous_5)","decl":{"start":{"line":58,"column":4},"end":{"line":58,"column":5}},"loc":{"start":{"line":58,"column":21},"end":{"line":63,"column":5}},"line":58}},"branchMap":{"0":{"loc":{"start":{"line":13,"column":8},"end":{"line":23,"column":9}},"type":"if","locations":[{"start":{"line":13,"column":8},"end":{"line":23,"column":9}},{"start":{"line":13,"column":8},"end":{"line":23,"column":9}}],"line":13},"1":{"loc":{"start":{"line":14,"column":12},"end":{"line":20,"column":13}},"type":"if","locations":[{"start":{"line":14,"column":12},"end":{"line":20,"column":13}},{"start":{"line":14,"column":12},"end":{"line":20,"column":13}}],"line":14},"2":{"loc":{"start":{"line":14,"column":16},"end":{"line":14,"column":105}},"type":"binary-expr","locations":[{"start":{"line":14,"column":17},"end":{"line":14,"column":71}},{"start":{"line":14,"column":77},"end":{"line":14,"column":104}}],"line":14},"3":{"loc":{"start":{"line":28,"column":8},"end":{"line":37,"column":9}},"type":"if","locations":[{"start":{"line":28,"column":8},"end":{"line":37,"column":9}},{"start":{"line":28,"column":8},"end":{"line":37,"column":9}}],"line":28},"4":{"loc":{"start":{"line":29,"column":12},"end":{"line":34,"column":13}},"type":"if","locations":[{"start":{"line":29,"column":12},"end":{"line":34,"column":13}},{"start":{"line":29,"column":12},"end":{"line":34,"column":13}}],"line":29}},"s":{"0":2,"1":2,"2":2,"3":2,"4":2,"5":7,"6":6,"7":3,"8":3,"9":3,"10":1,"11":11,"12":8,"13":1,"14":1,"15":7,"16":3,"17":1,"18":2,"19":1,"20":3,"21":2,"22":2,"23":2},"f":{"0":2,"1":7,"2":11,"3":1,"4":2,"5":2},"b":{"0":[6,1],"1":[3,3],"2":[6,4],"3":[8,3],"4":[1,7]},"_coverageSchema":"332fd63041d2c1bcb487cc26dd0d5f7d97098a6c","hash":"526d45ffd956e2d4ff285dc718061b49445ad919"}
,"C:\\Users\\Admin\\Documents\\Decagon Institute\\checkPoint1\\BookLibrary\\users\\person.js": {"path":"C:\\Users\\Admin\\Documents\\Decagon Institute\\checkPoint1\\BookLibrary\\users\\person.js","statementMap":{"0":{"start":{"line":1,"column":14},"end":{"line":1,"column":38}},"1":{"start":{"line":2,"column":20},"end":{"line":2,"column":50}},"2":{"start":{"line":6,"column":8},"end":{"line":6,"column":33}},"3":{"start":{"line":7,"column":8},"end":{"line":7,"column":30}},"4":{"start":{"line":12,"column":8},"end":{"line":12,"column":38}},"5":{"start":{"line":17,"column":8},"end":{"line":17,"column":44}},"6":{"start":{"line":24,"column":0},"end":{"line":24,"column":24}}},"fnMap":{"0":{"name":"(anonymous_0)","decl":{"start":{"line":5,"column":4},"end":{"line":5,"column":5}},"loc":{"start":{"line":5,"column":26},"end":{"line":8,"column":5}},"line":5},"1":{"name":"(anonymous_1)","decl":{"start":{"line":11,"column":4},"end":{"line":11,"column":5}},"loc":{"start":{"line":11,"column":23},"end":{"line":14,"column":5}},"line":11},"2":{"name":"(anonymous_2)","decl":{"start":{"line":16,"column":4},"end":{"line":16,"column":5}},"loc":{"start":{"line":16,"column":26},"end":{"line":19,"column":5}},"line":16}},"branchMap":{},"s":{"0":7,"1":7,"2":17,"3":17,"4":17,"5":6,"6":7},"f":{"0":17,"1":17,"2":6},"b":{},"_coverageSchema":"332fd63041d2c1bcb487cc26dd0d5f7d97098a6c","hash":"e21d972dbe6e3815ee40fc028ac4567ae43ca957"}
,"C:\\Users\\Admin\\Documents\\Decagon Institute\\checkPoint1\\BookLibrary\\users\\students\\students.js": {"path":"C:\\Users\\Admin\\Documents\\Decagon Institute\\checkPoint1\\BookLibrary\\users\\students\\students.js","statementMap":{"0":{"start":{"line":1,"column":15},"end":{"line":1,"column":35}},"1":{"start":{"line":7,"column":8},"end":{"line":7,"column":24}},"2":{"start":{"line":8,"column":8},"end":{"line":8,"column":34}},"3":{"start":{"line":15,"column":0},"end":{"line":15,"column":25}}},"fnMap":{"0":{"name":"(anonymous_0)","decl":{"start":{"line":6,"column":4},"end":{"line":6,"column":5}},"loc":{"start":{"line":6,"column":26},"end":{"line":10,"column":5}},"line":6}},"branchMap":{},"s":{"0":5,"1":11,"2":11,"3":5},"f":{"0":11},"b":{},"_coverageSchema":"332fd63041d2c1bcb487cc26dd0d5f7d97098a6c","hash":"c2511c113181c5064a8011c896b3103150abd94a"}
,"C:\\Users\\Admin\\Documents\\Decagon Institute\\checkPoint1\\BookLibrary\\users\\students\\juniorStudent\\juniorStudent.js": {"path":"C:\\Users\\Admin\\Documents\\Decagon Institute\\checkPoint1\\BookLibrary\\users\\students\\juniorStudent\\juniorStudent.js","statementMap":{"0":{"start":{"line":1,"column":16},"end":{"line":1,"column":38}},"1":{"start":{"line":6,"column":8},"end":{"line":6,"column":24}},"2":{"start":{"line":7,"column":8},"end":{"line":7,"column":40}},"3":{"start":{"line":8,"column":8},"end":{"line":8,"column":26}},"4":{"start":{"line":14,"column":0},"end":{"line":14,"column":31}}},"fnMap":{"0":{"name":"(anonymous_0)","decl":{"start":{"line":5,"column":4},"end":{"line":5,"column":5}},"loc":{"start":{"line":5,"column":26},"end":{"line":9,"column":5}},"line":5}},"branchMap":{},"s":{"0":3,"1":5,"2":5,"3":5,"4":3},"f":{"0":5},"b":{},"_coverageSchema":"332fd63041d2c1bcb487cc26dd0d5f7d97098a6c","hash":"398707ff03cf1055d2e50055b6fdfb413683d08e"}
,"C:\\Users\\Admin\\Documents\\Decagon Institute\\checkPoint1\\BookLibrary\\users\\students\\seniorStudent\\seniorStudent.js": {"path":"C:\\Users\\Admin\\Documents\\Decagon Institute\\checkPoint1\\BookLibrary\\users\\students\\seniorStudent\\seniorStudent.js","statementMap":{"0":{"start":{"line":1,"column":16},"end":{"line":1,"column":38}},"1":{"start":{"line":2,"column":14},"end":{"line":2,"column":44}},"2":{"start":{"line":6,"column":8},"end":{"line":6,"column":24}},"3":{"start":{"line":7,"column":8},"end":{"line":7,"column":40}},"4":{"start":{"line":8,"column":8},"end":{"line":8,"column":26}},"5":{"start":{"line":14,"column":0},"end":{"line":14,"column":31}}},"fnMap":{"0":{"name":"(anonymous_0)","decl":{"start":{"line":5,"column":4},"end":{"line":5,"column":5}},"loc":{"start":{"line":5,"column":26},"end":{"line":9,"column":5}},"line":5}},"branchMap":{},"s":{"0":3,"1":3,"2":5,"3":5,"4":5,"5":3},"f":{"0":5},"b":{},"_coverageSchema":"332fd63041d2c1bcb487cc26dd0d5f7d97098a6c","hash":"701c259775eada7e7368744e0464ee2d87e4ed99"}
,"C:\\Users\\Admin\\Documents\\Decagon Institute\\checkPoint1\\BookLibrary\\users\\teachers\\teacher.js": {"path":"C:\\Users\\Admin\\Documents\\Decagon Institute\\checkPoint1\\BookLibrary\\users\\teachers\\teacher.js","statementMap":{"0":{"start":{"line":1,"column":15},"end":{"line":1,"column":35}},"1":{"start":{"line":6,"column":4},"end":{"line":6,"column":20}},"2":{"start":{"line":7,"column":4},"end":{"line":7,"column":30}},"3":{"start":{"line":8,"column":4},"end":{"line":8,"column":22}},"4":{"start":{"line":12,"column":0},"end":{"line":12,"column":25}}},"fnMap":{"0":{"name":"(anonymous_0)","decl":{"start":{"line":5,"column":2},"end":{"line":5,"column":3}},"loc":{"start":{"line":5,"column":24},"end":{"line":9,"column":3}},"line":5}},"branchMap":{},"s":{"0":3,"1":5,"2":5,"3":5,"4":3},"f":{"0":5},"b":{},"_coverageSchema":"332fd63041d2c1bcb487cc26dd0d5f7d97098a6c","hash":"b71119c262b7d7008d740ec03ed31b5badcb4be4"}
}
