TN:
SF:C:\Users\Admin\Documents\Decagon Institute\checkPoint1\BookLibrary\data\books.js
FNF:0
FNH:0
DA:2,2
DA:21,2
LF:2
LH:2
BRF:0
BRH:0
end_of_record
TN:
SF:C:\Users\Admin\Documents\Decagon Institute\checkPoint1\BookLibrary\data\libraryUsers.js
FNF:0
FNH:0
DA:2,2
DA:3,2
DA:4,2
DA:7,2
DA:16,2
LF:5
LH:5
BRF:0
BRH:0
end_of_record
TN:
SF:C:\Users\Admin\Documents\Decagon Institute\checkPoint1\BookLibrary\data\queue.js
FNF:0
FNH:0
DA:1,7
DA:7,7
LF:2
LH:2
BRF:0
BRH:0
end_of_record
TN:
SF:C:\Users\Admin\Documents\Decagon Institute\checkPoint1\BookLibrary\liberian\Liberian.js
FN:7,(anonymous_0)
FN:11,(anonymous_1)
FN:24,(anonymous_2)
FN:40,(anonymous_3)
FN:41,(anonymous_4)
FNF:5
FNH:5
FNDA:2,(anonymous_0)
FNDA:7,(anonymous_1)
FNDA:9,(anonymous_2)
FNDA:1,(anonymous_3)
FNDA:2,(anonymous_4)
DA:1,2
DA:2,2
DA:3,2
DA:8,2
DA:12,7
DA:13,6
DA:14,3
DA:15,3
DA:17,3
DA:20,1
DA:25,9
DA:26,8
DA:27,1
DA:28,1
DA:30,7
DA:33,1
DA:41,1
DA:42,2
DA:45,1
DA:46,3
DA:56,2
LF:21
LH:21
BRDA:12,0,0,6
BRDA:12,0,1,1
BRDA:13,1,0,3
BRDA:13,1,1,3
BRDA:13,2,0,6
BRDA:13,2,1,4
BRDA:25,3,0,8
BRDA:25,3,1,1
BRDA:26,4,0,1
BRDA:26,4,1,7
BRF:10
BRH:10
end_of_record
TN:
SF:C:\Users\Admin\Documents\Decagon Institute\checkPoint1\BookLibrary\users\person.js
FN:4,(anonymous_0)
FN:9,(anonymous_1)
FN:14,(anonymous_2)
FNF:3
FNH:3
FNDA:17,(anonymous_0)
FNDA:18,(anonymous_1)
FNDA:5,(anonymous_2)
DA:1,7
DA:5,17
DA:6,17
DA:10,18
DA:15,5
DA:22,7
LF:6
LH:6
BRF:0
BRH:0
end_of_record
TN:
SF:C:\Users\Admin\Documents\Decagon Institute\checkPoint1\BookLibrary\users\students\students.js
FN:6,(anonymous_0)
FNF:1
FNH:1
FNDA:11,(anonymous_0)
DA:1,5
DA:2,5
DA:7,11
DA:8,11
DA:15,5
LF:5
LH:5
BRF:0
BRH:0
end_of_record
TN:
SF:C:\Users\Admin\Documents\Decagon Institute\checkPoint1\BookLibrary\users\students\juniorStudent\juniorStudent.js
FN:5,(anonymous_0)
FNF:1
FNH:1
FNDA:5,(anonymous_0)
DA:1,3
DA:2,3
DA:6,5
DA:7,5
DA:8,5
DA:14,3
LF:6
LH:6
BRF:0
BRH:0
end_of_record
TN:
SF:C:\Users\Admin\Documents\Decagon Institute\checkPoint1\BookLibrary\users\students\seniorStudent\seniorStudent.js
FN:5,(anonymous_0)
FNF:1
FNH:1
FNDA:5,(anonymous_0)
DA:1,3
DA:2,3
DA:6,5
DA:7,5
DA:8,5
DA:14,3
LF:6
LH:6
BRF:0
BRH:0
end_of_record
TN:
SF:C:\Users\Admin\Documents\Decagon Institute\checkPoint1\BookLibrary\users\teachers\teacher.js
FN:6,(anonymous_0)
FNF:1
FNH:1
FNDA:5,(anonymous_0)
DA:1,3
DA:7,5
DA:8,5
DA:9,5
DA:16,3
LF:5
LH:5
BRF:0
BRH:0
end_of_record
