TN:
SF:C:\Users\Admin\Documents\Decagon Institute\checkPoint1\BookLibrary\data\books.js
FNF:0
FNH:0
DA:1,1
DA:20,1
LF:2
LH:2
BRF:0
BRH:0
end_of_record
TN:
SF:C:\Users\Admin\Documents\Decagon Institute\checkPoint1\BookLibrary\data\libraryUsers.js
FNF:0
FNH:0
DA:1,1
DA:12,1
LF:2
LH:2
BRF:0
BRH:0
end_of_record
TN:
SF:C:\Users\Admin\Documents\Decagon Institute\checkPoint1\BookLibrary\data\queue.js
FNF:0
FNH:0
DA:1,4
DA:7,4
LF:2
LH:2
BRF:0
BRH:0
end_of_record
TN:
SF:C:\Users\Admin\Documents\Decagon Institute\checkPoint1\BookLibrary\liberian\Liberian.js
FN:6,(anonymous_0)
FN:9,(anonymous_1)
FN:22,(anonymous_2)
FNF:3
FNH:3
FNDA:1,(anonymous_0)
FNDA:4,(anonymous_1)
FNDA:9,(anonymous_2)
DA:1,1
DA:2,1
DA:7,1
DA:10,4
DA:11,3
DA:12,1
DA:13,1
DA:15,2
DA:18,1
DA:23,9
DA:24,8
DA:25,1
DA:26,1
DA:28,7
DA:31,1
DA:41,1
LF:16
LH:16
BRDA:10,0,0,3
BRDA:10,0,1,1
BRDA:11,1,0,1
BRDA:11,1,1,2
BRDA:11,2,0,3
BRDA:11,2,1,1
BRDA:23,3,0,8
BRDA:23,3,1,1
BRDA:24,4,0,1
BRDA:24,4,1,7
BRF:10
BRH:10
end_of_record
TN:
SF:C:\Users\Admin\Documents\Decagon Institute\checkPoint1\BookLibrary\users\person.js
FN:4,(anonymous_0)
FN:9,(anonymous_1)
FN:14,(anonymous_2)
FNF:3
FNH:3
FNDA:4,(anonymous_0)
FNDA:12,(anonymous_1)
FNDA:4,(anonymous_2)
DA:1,4
DA:5,4
DA:6,4
DA:10,12
DA:15,4
DA:22,4
LF:6
LH:6
BRF:0
BRH:0
end_of_record
TN:
SF:C:\Users\Admin\Documents\Decagon Institute\checkPoint1\BookLibrary\users\students\students.js
FN:5,(anonymous_0)
FNF:1
FNH:1
FNDA:2,(anonymous_0)
DA:1,2
DA:2,2
DA:6,2
DA:7,2
DA:14,2
LF:5
LH:5
BRF:0
BRH:0
end_of_record
TN:
SF:C:\Users\Admin\Documents\Decagon Institute\checkPoint1\BookLibrary\users\students\seniorStudent\seniorStudent.js
FN:5,(anonymous_0)
FNF:1
FNH:1
FNDA:1,(anonymous_0)
DA:1,1
DA:2,1
DA:6,1
DA:7,1
DA:8,1
DA:14,1
LF:6
LH:6
BRF:0
BRH:0
end_of_record
TN:
SF:C:\Users\Admin\Documents\Decagon Institute\checkPoint1\BookLibrary\users\teachers\teacher.js
FN:5,(anonymous_0)
FNF:1
FNH:1
FNDA:1,(anonymous_0)
DA:1,1
DA:2,1
DA:6,1
DA:7,1
DA:8,1
DA:15,1
LF:6
LH:6
BRF:0
BRH:0
end_of_record
